[debug] [2021-11-05T12:09:48.685Z] ----------------------------------------------------------------------
[debug] [2021-11-05T12:09:48.687Z] Command:       C:\Program Files\nodejs\node.exe C:\Users\A. Rayhan P\AppData\Roaming\npm\node_modules\firebase-tools\lib\bin\firebase.js deploy
[debug] [2021-11-05T12:09:48.687Z] CLI Version:   9.17.0
[debug] [2021-11-05T12:09:48.687Z] Platform:      win32
[debug] [2021-11-05T12:09:48.687Z] Node Version:  v14.15.0
[debug] [2021-11-05T12:09:48.688Z] Time:          Fri Nov 05 2021 19:09:48 GMT+0700 (Western Indonesia Time)
[debug] [2021-11-05T12:09:48.688Z] ----------------------------------------------------------------------
[debug] 
[debug] [2021-11-05T12:09:48.691Z] >>> [apiv2][query] GET https://firebase-public.firebaseio.com/cli.json [none]
[debug] [2021-11-05T12:09:48.756Z] > command requires scopes: ["email","openid","https://www.googleapis.com/auth/cloudplatformprojects.readonly","https://www.googleapis.com/auth/firebase","https://www.googleapis.com/auth/cloud-platform"]
[debug] [2021-11-05T12:09:48.756Z] > authorizing via signed-in user (rayhanprima99@gmail.com)
[debug] [2021-11-05T12:09:48.756Z] [iam] checking project devfest2021-jakarta for permissions ["firebase.projects.get","firebasedatabase.instances.update","firebasehosting.sites.update"]
[debug] [2021-11-05T12:09:48.758Z] > refreshing access token with scopes: ["email","https://www.googleapis.com/auth/cloud-platform","https://www.googleapis.com/auth/cloudplatformprojects.readonly","https://www.googleapis.com/auth/firebase","openid"]
[debug] [2021-11-05T12:09:48.758Z] >>> HTTP REQUEST POST https://www.googleapis.com/oauth2/v3/token  
 <request body omitted>
[debug] [2021-11-05T12:09:49.003Z] <<< HTTP RESPONSE 200 {"expires":"Mon, 01 Jan 1990 00:00:00 GMT","cache-control":"no-cache, no-store, max-age=0, must-revalidate","date":"Fri, 05 Nov 2021 12:09:49 GMT","pragma":"no-cache","content-type":"application/json; charset=utf-8","vary":"X-Origin, Referer, Origin,Accept-Encoding","server":"scaffolding on HTTPServer2","x-xss-protection":"0","x-frame-options":"SAMEORIGIN","x-content-type-options":"nosniff","alt-svc":"h3=\":443\"; ma=2592000,h3-29=\":443\"; ma=2592000,h3-Q050=\":443\"; ma=2592000,h3-Q046=\":443\"; ma=2592000,h3-Q043=\":443\"; ma=2592000,quic=\":443\"; ma=2592000; v=\"46,43\"","accept-ranges":"none","transfer-encoding":"chunked"}
[debug] [2021-11-05T12:09:49.014Z] >>> HTTP REQUEST POST https://cloudresourcemanager.googleapis.com/v1/projects/devfest2021-jakarta:testIamPermissions  
 {"permissions":["firebase.projects.get","firebasedatabase.instances.update","firebasehosting.sites.update"]}
[debug] [2021-11-05T12:09:49.438Z] <<< HTTP RESPONSE 200 {"content-type":"application/json; charset=UTF-8","vary":"X-Origin, Referer, Origin,Accept-Encoding","date":"Fri, 05 Nov 2021 12:09:49 GMT","server":"ESF","cache-control":"private","x-xss-protection":"0","x-frame-options":"SAMEORIGIN","x-content-type-options":"nosniff","server-timing":"gfet4t7; dur=196","alt-svc":"h3=\":443\"; ma=2592000,h3-29=\":443\"; ma=2592000,h3-Q050=\":443\"; ma=2592000,h3-Q046=\":443\"; ma=2592000,h3-Q043=\":443\"; ma=2592000,quic=\":443\"; ma=2592000; v=\"46,43\"","accept-ranges":"none","transfer-encoding":"chunked"}
[debug] [2021-11-05T12:09:49.439Z] > refreshing access token with scopes: []
[debug] [2021-11-05T12:09:49.439Z] >>> HTTP REQUEST POST https://www.googleapis.com/oauth2/v3/token  
 <request body omitted>
[debug] [2021-11-05T12:09:49.631Z] <<< [apiv2][status] GET https://firebase-public.firebaseio.com/cli.json 200
[debug] [2021-11-05T12:09:49.631Z] <<< [apiv2][body] GET https://firebase-public.firebaseio.com/cli.json {"cloudBuildErrorAfter":1594252800000,"cloudBuildWarnAfter":1590019200000,"defaultNode10After":1594252800000,"minVersion":"3.0.5","node8DeploysDisabledAfter":1613390400000,"node8RuntimeDisabledAfter":1615809600000,"node8WarnAfter":1600128000000}
[debug] [2021-11-05T12:09:49.644Z] <<< HTTP RESPONSE 200 {"expires":"Mon, 01 Jan 1990 00:00:00 GMT","pragma":"no-cache","cache-control":"no-cache, no-store, max-age=0, must-revalidate","date":"Fri, 05 Nov 2021 12:09:49 GMT","content-type":"application/json; charset=utf-8","vary":"X-Origin, Referer, Origin,Accept-Encoding","server":"scaffolding on HTTPServer2","x-xss-protection":"0","x-frame-options":"SAMEORIGIN","x-content-type-options":"nosniff","alt-svc":"h3=\":443\"; ma=2592000,h3-29=\":443\"; ma=2592000,h3-Q050=\":443\"; ma=2592000,h3-Q046=\":443\"; ma=2592000,h3-Q043=\":443\"; ma=2592000,quic=\":443\"; ma=2592000; v=\"46,43\"","accept-ranges":"none","transfer-encoding":"chunked"}
[debug] [2021-11-05T12:09:49.653Z] >>> [apiv2][query] GET https://firebase.googleapis.com/v1beta1/projects/devfest2021-jakarta [none]
[debug] [2021-11-05T12:09:50.170Z] <<< [apiv2][status] GET https://firebase.googleapis.com/v1beta1/projects/devfest2021-jakarta 200
[debug] [2021-11-05T12:09:50.171Z] <<< [apiv2][body] GET https://firebase.googleapis.com/v1beta1/projects/devfest2021-jakarta {"projectId":"devfest2021-jakarta","projectNumber":"212888531167","displayName":"devfest2021-jakarta","name":"projects/devfest2021-jakarta","resources":{"hostingSite":"devfest2021-jakarta","realtimeDatabaseInstance":"devfest2021-jakarta-default-rtdb"},"state":"ACTIVE"}
[debug] [2021-11-05T12:09:50.172Z] >>> [apiv2][query] GET https://firebase.googleapis.com/v1beta1/projects/devfest2021-jakarta [none]
[debug] [2021-11-05T12:09:50.591Z] <<< [apiv2][status] GET https://firebase.googleapis.com/v1beta1/projects/devfest2021-jakarta 200
[debug] [2021-11-05T12:09:50.591Z] <<< [apiv2][body] GET https://firebase.googleapis.com/v1beta1/projects/devfest2021-jakarta {"projectId":"devfest2021-jakarta","projectNumber":"212888531167","displayName":"devfest2021-jakarta","name":"projects/devfest2021-jakarta","resources":{"hostingSite":"devfest2021-jakarta","realtimeDatabaseInstance":"devfest2021-jakarta-default-rtdb"},"state":"ACTIVE"}
[info] 
[info] === Deploying to 'devfest2021-jakarta'...
[info] 
[info] i  deploying database, hosting 
[info] i  database: checking rules syntax... 
[debug] [2021-11-05T12:09:50.600Z] > refreshing access token with scopes: ["email","https://www.googleapis.com/auth/cloud-platform","https://www.googleapis.com/auth/cloudplatformprojects.readonly","https://www.googleapis.com/auth/firebase","openid"]
[debug] [2021-11-05T12:09:50.600Z] >>> HTTP REQUEST POST https://www.googleapis.com/oauth2/v3/token  
 <request body omitted>
[debug] [2021-11-05T12:09:50.850Z] <<< HTTP RESPONSE 200 {"date":"Fri, 05 Nov 2021 12:09:51 GMT","cache-control":"no-cache, no-store, max-age=0, must-revalidate","pragma":"no-cache","expires":"Mon, 01 Jan 1990 00:00:00 GMT","content-type":"application/json; charset=utf-8","vary":"X-Origin, Referer, Origin,Accept-Encoding","server":"scaffolding on HTTPServer2","x-xss-protection":"0","x-frame-options":"SAMEORIGIN","x-content-type-options":"nosniff","alt-svc":"h3=\":443\"; ma=2592000,h3-29=\":443\"; ma=2592000,h3-Q050=\":443\"; ma=2592000,h3-Q046=\":443\"; ma=2592000,h3-Q043=\":443\"; ma=2592000,quic=\":443\"; ma=2592000; v=\"46,43\"","accept-ranges":"none","transfer-encoding":"chunked"}
[debug] [2021-11-05T12:09:50.868Z] >>> HTTP REQUEST GET https://firebasedatabase.googleapis.com/v1beta/projects/devfest2021-jakarta/locations/-/instances/devfest2021-jakarta-default-rtdb  
 
[debug] [2021-11-05T12:09:51.537Z] <<< HTTP RESPONSE 200 {"content-type":"application/json; charset=UTF-8","vary":"X-Origin, Referer, Origin,Accept-Encoding","date":"Fri, 05 Nov 2021 12:09:51 GMT","server":"ESF","cache-control":"private","x-xss-protection":"0","x-frame-options":"SAMEORIGIN","x-content-type-options":"nosniff","alt-svc":"h3=\":443\"; ma=2592000,h3-29=\":443\"; ma=2592000,h3-Q050=\":443\"; ma=2592000,h3-Q046=\":443\"; ma=2592000,h3-Q043=\":443\"; ma=2592000,quic=\":443\"; ma=2592000; v=\"46,43\"","accept-ranges":"none","transfer-encoding":"chunked"}
[debug] [2021-11-05T12:09:51.538Z] >>> HTTP REQUEST PUT https://devfest2021-jakarta-default-rtdb.firebaseio.com/.settings/rules.json?dryRun=true  
 {
  /* Visit https://firebase.google.com/docs/database/security to learn more about security rules. */
  "rules": {
    ".read": false,
    ".write": false
  }
}
[debug] [2021-11-05T12:09:52.668Z] <<< HTTP RESPONSE 200 {"server":"nginx","date":"Fri, 05 Nov 2021 12:09:52 GMT","content-type":"application/json; charset=utf-8","content-length":"15","connection":"keep-alive","access-control-allow-origin":"*","cache-control":"no-cache","strict-transport-security":"max-age=31556926; includeSubDomains; preload"}
